<?xml version="1.0" encoding="UTF-8"?>
<!-- Generated by org.testng.reporters.JUnitReportReporter -->
<testsuite hostname="MAHESH" failures="0" tests="1" name="org.Sam.SidebarAccessibilityTestNG" time="0.455" errors="0" timestamp="2025-05-12T10:16:05 IST" skipped="0">
  <testcase classname="org.Sam.SidebarAccessibilityTestNG" name="TC_103_verifySidebarKeyboardNavigation" time="0.455"/>
</testsuite> <!-- org.Sam.SidebarAccessibilityTestNG -->
