<?xml version="1.0" encoding="UTF-8"?>
<!-- Generated by org.testng.reporters.JUnitReportReporter -->
<testsuite hostname="MAHESH" failures="0" tests="1" name="org.Sam.TestNG" time="9.717" errors="0" timestamp="2025-05-11T19:03:42 IST" skipped="0">
  <testcase classname="org.Sam.TestNG" name="verifyContactLinkNavigation" time="9.717"/>
</testsuite> <!-- org.Sam.TestNG -->
