<?xml version="1.0" encoding="UTF-8"?>
<!-- Generated by org.testng.reporters.JUnitReportReporter -->
<testsuite hostname="MAHESH" failures="0" tests="1" name="org.Sam.FooterTestNG" time="0.076" errors="0" timestamp="2025-05-12T11:11:31 IST" skipped="0">
  <testcase classname="org.Sam.FooterTestNG" name="TC_135_verifyFooterVisibility" time="0.076"/>
</testsuite> <!-- org.Sam.FooterTestNG -->
