<?xml version="1.0" encoding="UTF-8"?>
<!-- Generated by org.testng.reporters.JUnitReportReporter -->
<testsuite hostname="MAHESH" failures="0" tests="2" name="org.Sam.FooterScrollTestNG" time="7.282" errors="0" timestamp="2025-05-12T11:24:37 IST" skipped="0">
  <testcase classname="org.Sam.FooterScrollTestNG" name="TC_153_verifyFooterVisibleAfterScroll" time="2.115"/>
  <testcase classname="org.Sam.FooterScrollTestNG" name="TC_156_verifyFooterWithDynamicContent" time="5.167"/>
</testsuite> <!-- org.Sam.FooterScrollTestNG -->
