<?xml version="1.0" encoding="UTF-8"?>
<!-- Generated by org.testng.reporters.JUnitReportReporter -->
<testsuite hostname="MAHESH" failures="0" tests="2" name="org.Sam.ProductNameTestNG" time="2.393" errors="0" timestamp="2025-05-12T10:31:53 IST" skipped="0">
  <testcase classname="org.Sam.ProductNameTestNG" name="TC_116_verifyProductNameVisibility" time="2.300"/>
  <testcase classname="org.Sam.ProductNameTestNG" name="TC_117_verifyProductNameAccuracy" time="0.093"/>
</testsuite> <!-- org.Sam.ProductNameTestNG -->
