<?xml version="1.0" encoding="UTF-8"?>
<!-- Generated by org.testng.reporters.JUnitReportReporter -->
<testsuite hostname="MAHESH" failures="0" tests="5" name="org.Sam.ProductCardRedirectionTestNG" time="6.422" errors="0" timestamp="2025-05-12T10:39:22 IST" skipped="0">
  <testcase classname="org.Sam.ProductCardRedirectionTestNG" name="TC_123_verifyRedirectionOnClick" time="4.535"/>
  <testcase classname="org.Sam.ProductCardRedirectionTestNG" name="TC_124_verifyCorrectProductDetails" time="0.087"/>
  <testcase classname="org.Sam.ProductCardRedirectionTestNG" name="TC_125_verifyURLStructureAfterRedirection" time="0.009"/>
  <testcase classname="org.Sam.ProductCardRedirectionTestNG" name="TC_126_verifyPageLoadPerformance" time="1.730"/>
  <testcase classname="org.Sam.ProductCardRedirectionTestNG" name="TC_127_verifyBackNavigation" time="0.061"/>
</testsuite> <!-- org.Sam.ProductCardRedirectionTestNG -->
