<?xml version="1.0" encoding="UTF-8"?>
<!-- Generated by org.testng.reporters.JUnitReportReporter -->
<testsuite hostname="MAHESH" failures="0" tests="1" name="org.Sam.AboutTestNG" time="2.234" errors="0" timestamp="2025-05-11T20:44:27 IST" skipped="0">
  <testcase classname="org.Sam.AboutTestNG" name="verifyAboutUsLinkNavigation" time="2.234"/>
</testsuite> <!-- org.Sam.AboutTestNG -->
